<test-run id="2" testcasecount="16" result="Passed" start-time="2026-07-10 01:57:12.787232" end-time="2026-07-10 01:57:13.526235" duration="0" total="16" passed="16" failed="0" inconclusive="0" skipped="0" asserts="0" clr-version="3.12.9 (main, Mar 17 2025, 20:48:41) [GCC 6.3.0 20170516]" engine-version="3.6.2"><command-line>/home/vscode/.local/share/personmatching/.venv/bin/pytest src/test/openlinktoken_cli/tokens/config/ -v</command-line><filter><test re="0">src/test/openlinktoken_cli/tokens/config/</test></filter><test-suite id="src/test/openlinktoken_cli/tokens/config/dynamic_token_definition_test.py::TestDynamicTokenDefinition" name="src/test/openlinktoken_cli/tokens/config/dynamic_token_definition_test.py::TestDynamicTokenDefinition" fullname="src/test/openlinktoken_cli/tokens/config/dynamic_token_definition_test.py::TestDynamicTokenDefinition" methodname="" classname="" runstate="Runnable" type="Assembly" testcasecount="1" result="Passed" label="" start-time="2026-07-10 01:57:13.517399" end-time="2026-07-10 01:57:13.517688" duration="0.000289" asserts="0" total="1" passed="1" failed="0" warnings="0" inconclusive="0" skipped="0"><properties><property name="python_version" value="3.12.9 (main, Mar 17 2025, 20:48:41) [GCC 6.3.0 20170516]" /></properties><test-case id="105" name="src/test/openlinktoken_cli/tokens/config/dynamic_token_definition_test.py::TestDynamicTokenDefinition::test_builds_token_definitions_from_config" fullname="src/test/openlinktoken_cli/tokens/config/dynamic_token_definition_test.py::TestDynamicTokenDefinition::test_builds_token_definitions_from_config" methodname="test_builds_token_definitions_from_config" classname="TestDynamicTokenDefinition" runstate="Runnable" seed="1" result="Passed" label="" start-time="2026-07-10 01:57:13.517399" end-time="2026-07-10 01:57:13.517688" duration="0.000289" asserts="0"><properties><property name="python-version" value="3.12.9 (main, Mar 17 2025, 20:48:41) [GCC 6.3.0 20170516]" /><property name="fspath" value="src/test/openlinktoken_cli/tokens/config/dynamic_token_definition_test.py" /></properties><environment framework-version="3.6.2" clr-version="3.12.9 (main, Mar 17 2025, 20:48:41) [GCC 6.3.0 20170516]" os-version="6.18.36-0-virt" platform="Linux" cwd="/workspaces/OpenLinkToken/lib/python/openlinktoken-cli" machine-name="aarch64" user="" user-domain="" culture="en_US" uiculture="en_US" os-architecture="64bit" /><failure><message><![CDATA[]]></message><stack-trace><![CDATA[None]]></stack-trace></failure><reason><message><![CDATA[]]></message></reason><output><![CDATA[]]></output></test-case><environment framework-version="3.6.2" clr-version="3.12.9 (main, Mar 17 2025, 20:48:41) [GCC 6.3.0 20170516]" os-version="6.18.36-0-virt" platform="Linux" cwd="/workspaces/OpenLinkToken/lib/python/openlinktoken-cli" machine-name="aarch64" user="" user-domain="" culture="en_US" uiculture="en_US" os-architecture="64bit" /></test-suite><test-suite id="src/test/openlinktoken_cli/tokens/config/configured_attribute_resolver_test.py::TestConfiguredAttributeResolver" name="src/test/openlinktoken_cli/tokens/config/configured_attribute_resolver_test.py::TestConfiguredAttributeResolver" fullname="src/test/openlinktoken_cli/tokens/config/configured_attribute_resolver_test.py::TestConfiguredAttributeResolver" methodname="" classname="" runstate="Runnable" type="Assembly" testcasecount="5" result="Passed" label="" start-time="2026-07-10 01:57:13.514241" end-time="2026-07-10 01:57:13.517134" duration="0.002893" asserts="0" total="5" passed="5" failed="0" warnings="0" inconclusive="0" skipped="0"><properties><property name="python_version" value="3.12.9 (main, Mar 17 2025, 20:48:41) [GCC 6.3.0 20170516]" /></properties><test-case id="100" name="src/test/openlinktoken_cli/tokens/config/configured_attribute_resolver_test.py::TestConfiguredAttributeResolver::test_maps_same_base_type_to_same_class_with_distinct_field_ids" fullname="src/test/openlinktoken_cli/tokens/config/configured_attribute_resolver_test.py::TestConfiguredAttributeResolver::test_maps_same_base_type_to_same_class_with_distinct_field_ids" methodname="test_maps_same_base_type_to_same_class_with_distinct_field_ids" classname="TestConfiguredAttributeResolver" runstate="Runnable" seed="1" result="Passed" label="" start-time="2026-07-10 01:57:13.514241" end-time="2026-07-10 01:57:13.515164" duration="0.000923" asserts="0"><properties><property name="python-version" value="3.12.9 (main, Mar 17 2025, 20:48:41) [GCC 6.3.0 20170516]" /><property name="fspath" value="src/test/openlinktoken_cli/tokens/config/configured_attribute_resolver_test.py" /></properties><environment framework-version="3.6.2" clr-version="3.12.9 (main, Mar 17 2025, 20:48:41) [GCC 6.3.0 20170516]" os-version="6.18.36-0-virt" platform="Linux" cwd="/workspaces/OpenLinkToken/lib/python/openlinktoken-cli" machine-name="aarch64" user="" user-domain="" culture="en_US" uiculture="en_US" os-architecture="64bit" /><failure><message><![CDATA[]]></message><stack-trace><![CDATA[None]]></stack-trace></failure><reason><message><![CDATA[]]></message></reason><output><![CDATA[]]></output></test-case><test-case id="101" name="src/test/openlinktoken_cli/tokens/config/configured_attribute_resolver_test.py::TestConfiguredAttributeResolver::test_build_field_registry_contains_all_configured_fields" fullname="src/test/openlinktoken_cli/tokens/config/configured_attribute_resolver_test.py::TestConfiguredAttributeResolver::test_build_field_registry_contains_all_configured_fields" methodname="test_build_field_registry_contains_all_configured_fields" classname="TestConfiguredAttributeResolver" runstate="Runnable" seed="1" result="Passed" label="" start-time="2026-07-10 01:57:13.515412" end-time="2026-07-10 01:57:13.515729" duration="0.000317" asserts="0"><properties><property name="python-version" value="3.12.9 (main, Mar 17 2025, 20:48:41) [GCC 6.3.0 20170516]" /><property name="fspath" value="src/test/openlinktoken_cli/tokens/config/configured_attribute_resolver_test.py" /></properties><environment framework-version="3.6.2" clr-version="3.12.9 (main, Mar 17 2025, 20:48:41) [GCC 6.3.0 20170516]" os-version="6.18.36-0-virt" platform="Linux" cwd="/workspaces/OpenLinkToken/lib/python/openlinktoken-cli" machine-name="aarch64" user="" user-domain="" culture="en_US" uiculture="en_US" os-architecture="64bit" /><failure><message><![CDATA[]]></message><stack-trace><![CDATA[None]]></stack-trace></failure><reason><message><![CDATA[]]></message></reason><output><![CDATA[]]></output></test-case><test-case id="102" name="src/test/openlinktoken_cli/tokens/config/configured_attribute_resolver_test.py::TestConfiguredAttributeResolver::test_unknown_field_lookup_raises_key_error" fullname="src/test/openlinktoken_cli/tokens/config/configured_attribute_resolver_test.py::TestConfiguredAttributeResolver::test_unknown_field_lookup_raises_key_error" methodname="test_unknown_field_lookup_raises_key_error" classname="TestConfiguredAttributeResolver" runstate="Runnable" seed="1" result="Passed" label="" start-time="2026-07-10 01:57:13.515908" end-time="2026-07-10 01:57:13.516183" duration="0.000275" asserts="0"><properties><property name="python-version" value="3.12.9 (main, Mar 17 2025, 20:48:41) [GCC 6.3.0 20170516]" /><property name="fspath" value="src/test/openlinktoken_cli/tokens/config/configured_attribute_resolver_test.py" /></properties><environment framework-version="3.6.2" clr-version="3.12.9 (main, Mar 17 2025, 20:48:41) [GCC 6.3.0 20170516]" os-version="6.18.36-0-virt" platform="Linux" cwd="/workspaces/OpenLinkToken/lib/python/openlinktoken-cli" machine-name="aarch64" user="" user-domain="" culture="en_US" uiculture="en_US" os-architecture="64bit" /><failure><message><![CDATA[]]></message><stack-trace><![CDATA[None]]></stack-trace></failure><reason><message><![CDATA[]]></message></reason><output><![CDATA[]]></output></test-case><test-case id="103" name="src/test/openlinktoken_cli/tokens/config/configured_attribute_resolver_test.py::TestConfiguredAttributeResolver::test_unknown_attribute_type_raises_value_error" fullname="src/test/openlinktoken_cli/tokens/config/configured_attribute_resolver_test.py::TestConfiguredAttributeResolver::test_unknown_attribute_type_raises_value_error" methodname="test_unknown_attribute_type_raises_value_error" classname="TestConfiguredAttributeResolver" runstate="Runnable" seed="1" result="Passed" label="" start-time="2026-07-10 01:57:13.516359" end-time="2026-07-10 01:57:13.516653" duration="0.000294" asserts="0"><properties><property name="python-version" value="3.12.9 (main, Mar 17 2025, 20:48:41) [GCC 6.3.0 20170516]" /><property name="fspath" value="src/test/openlinktoken_cli/tokens/config/configured_attribute_resolver_test.py" /></properties><environment framework-version="3.6.2" clr-version="3.12.9 (main, Mar 17 2025, 20:48:41) [GCC 6.3.0 20170516]" os-version="6.18.36-0-virt" platform="Linux" cwd="/workspaces/OpenLinkToken/lib/python/openlinktoken-cli" machine-name="aarch64" user="" user-domain="" culture="en_US" uiculture="en_US" os-architecture="64bit" /><failure><message><![CDATA[]]></message><stack-trace><![CDATA[None]]></stack-trace></failure><reason><message><![CDATA[]]></message></reason><output><![CDATA[]]></output></test-case><test-case id="104" name="src/test/openlinktoken_cli/tokens/config/configured_attribute_resolver_test.py::TestConfiguredAttributeResolver::test_conflicting_aliases_raise_value_error" fullname="src/test/openlinktoken_cli/tokens/config/configured_attribute_resolver_test.py::TestConfiguredAttributeResolver::test_conflicting_aliases_raise_value_error" methodname="test_conflicting_aliases_raise_value_error" classname="TestConfiguredAttributeResolver" runstate="Runnable" seed="1" result="Passed" label="" start-time="2026-07-10 01:57:13.516844" end-time="2026-07-10 01:57:13.517134" duration="0.00029" asserts="0"><properties><property name="python-version" value="3.12.9 (main, Mar 17 2025, 20:48:41) [GCC 6.3.0 20170516]" /><property name="fspath" value="src/test/openlinktoken_cli/tokens/config/configured_attribute_resolver_test.py" /></properties><environment framework-version="3.6.2" clr-version="3.12.9 (main, Mar 17 2025, 20:48:41) [GCC 6.3.0 20170516]" os-version="6.18.36-0-virt" platform="Linux" cwd="/workspaces/OpenLinkToken/lib/python/openlinktoken-cli" machine-name="aarch64" user="" user-domain="" culture="en_US" uiculture="en_US" os-architecture="64bit" /><failure><message><![CDATA[]]></message><stack-trace><![CDATA[None]]></stack-trace></failure><reason><message><![CDATA[]]></message></reason><output><![CDATA[]]></output></test-case><environment framework-version="3.6.2" clr-version="3.12.9 (main, Mar 17 2025, 20:48:41) [GCC 6.3.0 20170516]" os-version="6.18.36-0-virt" platform="Linux" cwd="/workspaces/OpenLinkToken/lib/python/openlinktoken-cli" machine-name="aarch64" user="" user-domain="" culture="en_US" uiculture="en_US" os-architecture="64bit" /></test-suite><test-suite id="src/test/openlinktoken_cli/tokens/config/tokenization_config_helper_test.py::TestTokenizationConfigHelper" name="src/test/openlinktoken_cli/tokens/config/tokenization_config_helper_test.py::TestTokenizationConfigHelper" fullname="src/test/openlinktoken_cli/tokens/config/tokenization_config_helper_test.py::TestTokenizationConfigHelper" methodname="" classname="" runstate="Runnable" type="Assembly" testcasecount="4" result="Passed" label="" start-time="2026-07-10 01:57:13.517957" end-time="2026-07-10 01:57:13.520374" duration="0.002417" asserts="0" total="4" passed="4" failed="0" warnings="0" inconclusive="0" skipped="0"><properties><property name="python_version" value="3.12.9 (main, Mar 17 2025, 20:48:41) [GCC 6.3.0 20170516]" /></properties><test-case id="106" name="src/test/openlinktoken_cli/tokens/config/tokenization_config_helper_test.py::TestTokenizationConfigHelper::test_build_configured_input_attribute_map_warns_when_resolver_misses_entry" fullname="src/test/openlinktoken_cli/tokens/config/tokenization_config_helper_test.py::TestTokenizationConfigHelper::test_build_configured_input_attribute_map_warns_when_resolver_misses_entry" methodname="test_build_configured_input_attribute_map_warns_when_resolver_misses_entry" classname="TestTokenizationConfigHelper" runstate="Runnable" seed="1" result="Passed" label="" start-time="2026-07-10 01:57:13.517957" end-time="2026-07-10 01:57:13.518561" duration="0.000604" asserts="0"><properties><property name="python-version" value="3.12.9 (main, Mar 17 2025, 20:48:41) [GCC 6.3.0 20170516]" /><property name="fspath" value="src/test/openlinktoken_cli/tokens/config/tokenization_config_helper_test.py" /></properties><environment framework-version="3.6.2" clr-version="3.12.9 (main, Mar 17 2025, 20:48:41) [GCC 6.3.0 20170516]" os-version="6.18.36-0-virt" platform="Linux" cwd="/workspaces/OpenLinkToken/lib/python/openlinktoken-cli" machine-name="aarch64" user="" user-domain="" culture="en_US" uiculture="en_US" os-architecture="64bit" /><failure><message><![CDATA[]]></message><stack-trace><![CDATA[None]]></stack-trace></failure><reason><message><![CDATA[WARNING  openlinktoken_cli.tokens.config.tokenization_config_helper:tokenization_config_helper.py:37 Column 'family_nm' is in config but has no field id registered.]]></message></reason><output><![CDATA[WARNING  openlinktoken_cli.tokens.config.tokenization_config_helper:tokenization_config_helper.py:37 Column 'family_nm' is in config but has no field id registered.]]></output></test-case><test-case id="107" name="src/test/openlinktoken_cli/tokens/config/tokenization_config_helper_test.py::TestTokenizationConfigHelper::test_create_reader_csv_applies_attribute_map" fullname="src/test/openlinktoken_cli/tokens/config/tokenization_config_helper_test.py::TestTokenizationConfigHelper::test_create_reader_csv_applies_attribute_map" methodname="test_create_reader_csv_applies_attribute_map" classname="TestTokenizationConfigHelper" runstate="Runnable" seed="1" result="Passed" label="" start-time="2026-07-10 01:57:13.518735" end-time="2026-07-10 01:57:13.519310" duration="0.000575" asserts="0"><properties><property name="python-version" value="3.12.9 (main, Mar 17 2025, 20:48:41) [GCC 6.3.0 20170516]" /><property name="fspath" value="src/test/openlinktoken_cli/tokens/config/tokenization_config_helper_test.py" /></properties><environment framework-version="3.6.2" clr-version="3.12.9 (main, Mar 17 2025, 20:48:41) [GCC 6.3.0 20170516]" os-version="6.18.36-0-virt" platform="Linux" cwd="/workspaces/OpenLinkToken/lib/python/openlinktoken-cli" machine-name="aarch64" user="" user-domain="" culture="en_US" uiculture="en_US" os-architecture="64bit" /><failure><message><![CDATA[]]></message><stack-trace><![CDATA[None]]></stack-trace></failure><reason><message><![CDATA[]]></message></reason><output><![CDATA[]]></output></test-case><test-case id="108" name="src/test/openlinktoken_cli/tokens/config/tokenization_config_helper_test.py::TestTokenizationConfigHelper::test_create_reader_parquet_applies_attribute_map" fullname="src/test/openlinktoken_cli/tokens/config/tokenization_config_helper_test.py::TestTokenizationConfigHelper::test_create_reader_parquet_applies_attribute_map" methodname="test_create_reader_parquet_applies_attribute_map" classname="TestTokenizationConfigHelper" runstate="Runnable" seed="1" result="Passed" label="" start-time="2026-07-10 01:57:13.519501" end-time="2026-07-10 01:57:13.519962" duration="0.000461" asserts="0"><properties><property name="python-version" value="3.12.9 (main, Mar 17 2025, 20:48:41) [GCC 6.3.0 20170516]" /><property name="fspath" value="src/test/openlinktoken_cli/tokens/config/tokenization_config_helper_test.py" /></properties><environment framework-version="3.6.2" clr-version="3.12.9 (main, Mar 17 2025, 20:48:41) [GCC 6.3.0 20170516]" os-version="6.18.36-0-virt" platform="Linux" cwd="/workspaces/OpenLinkToken/lib/python/openlinktoken-cli" machine-name="aarch64" user="" user-domain="" culture="en_US" uiculture="en_US" os-architecture="64bit" /><failure><message><![CDATA[]]></message><stack-trace><![CDATA[None]]></stack-trace></failure><reason><message><![CDATA[]]></message></reason><output><![CDATA[]]></output></test-case><test-case id="109" name="src/test/openlinktoken_cli/tokens/config/tokenization_config_helper_test.py::TestTokenizationConfigHelper::test_create_reader_raises_for_unsupported_type" fullname="src/test/openlinktoken_cli/tokens/config/tokenization_config_helper_test.py::TestTokenizationConfigHelper::test_create_reader_raises_for_unsupported_type" methodname="test_create_reader_raises_for_unsupported_type" classname="TestTokenizationConfigHelper" runstate="Runnable" seed="1" result="Passed" label="" start-time="2026-07-10 01:57:13.520136" end-time="2026-07-10 01:57:13.520374" duration="0.000238" asserts="0"><properties><property name="python-version" value="3.12.9 (main, Mar 17 2025, 20:48:41) [GCC 6.3.0 20170516]" /><property name="fspath" value="src/test/openlinktoken_cli/tokens/config/tokenization_config_helper_test.py" /></properties><environment framework-version="3.6.2" clr-version="3.12.9 (main, Mar 17 2025, 20:48:41) [GCC 6.3.0 20170516]" os-version="6.18.36-0-virt" platform="Linux" cwd="/workspaces/OpenLinkToken/lib/python/openlinktoken-cli" machine-name="aarch64" user="" user-domain="" culture="en_US" uiculture="en_US" os-architecture="64bit" /><failure><message><![CDATA[]]></message><stack-trace><![CDATA[None]]></stack-trace></failure><reason><message><![CDATA[]]></message></reason><output><![CDATA[]]></output></test-case><environment framework-version="3.6.2" clr-version="3.12.9 (main, Mar 17 2025, 20:48:41) [GCC 6.3.0 20170516]" os-version="6.18.36-0-virt" platform="Linux" cwd="/workspaces/OpenLinkToken/lib/python/openlinktoken-cli" machine-name="aarch64" user="" user-domain="" culture="en_US" uiculture="en_US" os-architecture="64bit" /></test-suite><test-suite id="src/test/openlinktoken_cli/tokens/config/tokenization_config_loader_test.py::TestTokenizationConfigLoader" name="src/test/openlinktoken_cli/tokens/config/tokenization_config_loader_test.py::TestTokenizationConfigLoader" fullname="src/test/openlinktoken_cli/tokens/config/tokenization_config_loader_test.py::TestTokenizationConfigLoader" methodname="" classname="" runstate="Runnable" type="Assembly" testcasecount="6" result="Passed" label="" start-time="2026-07-10 01:57:13.520605" end-time="2026-07-10 01:57:13.526137" duration="0.005532" asserts="0" total="6" passed="6" failed="0" warnings="0" inconclusive="0" skipped="0"><properties><property name="python_version" value="3.12.9 (main, Mar 17 2025, 20:48:41) [GCC 6.3.0 20170516]" /></properties><test-case id="110" name="src/test/openlinktoken_cli/tokens/config/tokenization_config_loader_test.py::TestTokenizationConfigLoader::test_load_runtime_components_without_path_returns_none_tuple" fullname="src/test/openlinktoken_cli/tokens/config/tokenization_config_loader_test.py::TestTokenizationConfigLoader::test_load_runtime_components_without_path_returns_none_tuple" methodname="test_load_runtime_components_without_path_returns_none_tuple" classname="TestTokenizationConfigLoader" runstate="Runnable" seed="1" result="Passed" label="" start-time="2026-07-10 01:57:13.520605" end-time="2026-07-10 01:57:13.520771" duration="0.000166" asserts="0"><properties><property name="python-version" value="3.12.9 (main, Mar 17 2025, 20:48:41) [GCC 6.3.0 20170516]" /><property name="fspath" value="src/test/openlinktoken_cli/tokens/config/tokenization_config_loader_test.py" /></properties><environment framework-version="3.6.2" clr-version="3.12.9 (main, Mar 17 2025, 20:48:41) [GCC 6.3.0 20170516]" os-version="6.18.36-0-virt" platform="Linux" cwd="/workspaces/OpenLinkToken/lib/python/openlinktoken-cli" machine-name="aarch64" user="" user-domain="" culture="en_US" uiculture="en_US" os-architecture="64bit" /><failure><message><![CDATA[]]></message><stack-trace><![CDATA[None]]></stack-trace></failure><reason><message><![CDATA[]]></message></reason><output><![CDATA[]]></output></test-case><test-case id="111" name="src/test/openlinktoken_cli/tokens/config/tokenization_config_loader_test.py::TestTokenizationConfigLoader::test_load_runtime_components_with_path_builds_runtime_objects" fullname="src/test/openlinktoken_cli/tokens/config/tokenization_config_loader_test.py::TestTokenizationConfigLoader::test_load_runtime_components_with_path_builds_runtime_objects" methodname="test_load_runtime_components_with_path_builds_runtime_objects" classname="TestTokenizationConfigLoader" runstate="Runnable" seed="1" result="Passed" label="" start-time="2026-07-10 01:57:13.521365" end-time="2026-07-10 01:57:13.522394" duration="0.001029" asserts="0"><properties><property name="python-version" value="3.12.9 (main, Mar 17 2025, 20:48:41) [GCC 6.3.0 20170516]" /><property name="fspath" value="src/test/openlinktoken_cli/tokens/config/tokenization_config_loader_test.py" /></properties><environment framework-version="3.6.2" clr-version="3.12.9 (main, Mar 17 2025, 20:48:41) [GCC 6.3.0 20170516]" os-version="6.18.36-0-virt" platform="Linux" cwd="/workspaces/OpenLinkToken/lib/python/openlinktoken-cli" machine-name="aarch64" user="" user-domain="" culture="en_US" uiculture="en_US" os-architecture="64bit" /><failure><message><![CDATA[]]></message><stack-trace><![CDATA[None]]></stack-trace></failure><reason><message><![CDATA[WARNING  openlinktoken_cli.tokens.config.tokenization_config_loader:tokenization_config_loader.py:92 Configuration '/tmp/pytest-of-vscode/pytest-4/test_load_runtime_components_w0/tokenization-config.yaml' does not map any field to type 'RecordId'. Source record IDs will not be preserved — output will use randomly generated UUIDs instead.]]></message></reason><output><![CDATA[WARNING  openlinktoken_cli.tokens.config.tokenization_config_loader:tokenization_config_loader.py:92 Configuration '/tmp/pytest-of-vscode/pytest-4/test_load_runtime_components_w0/tokenization-config.yaml' does not map any field to type 'RecordId'. Source record IDs will not be preserved — output will use randomly generated UUIDs instead.]]></output></test-case><test-case id="112" name="src/test/openlinktoken_cli/tokens/config/tokenization_config_loader_test.py::TestTokenizationConfigLoader::test_load_valid_config" fullname="src/test/openlinktoken_cli/tokens/config/tokenization_config_loader_test.py::TestTokenizationConfigLoader::test_load_valid_config" methodname="test_load_valid_config" classname="TestTokenizationConfigLoader" runstate="Runnable" seed="1" result="Passed" label="" start-time="2026-07-10 01:57:13.522712" end-time="2026-07-10 01:57:13.523432" duration="0.00072" asserts="0"><properties><property name="python-version" value="3.12.9 (main, Mar 17 2025, 20:48:41) [GCC 6.3.0 20170516]" /><property name="fspath" value="src/test/openlinktoken_cli/tokens/config/tokenization_config_loader_test.py" /></properties><environment framework-version="3.6.2" clr-version="3.12.9 (main, Mar 17 2025, 20:48:41) [GCC 6.3.0 20170516]" os-version="6.18.36-0-virt" platform="Linux" cwd="/workspaces/OpenLinkToken/lib/python/openlinktoken-cli" machine-name="aarch64" user="" user-domain="" culture="en_US" uiculture="en_US" os-architecture="64bit" /><failure><message><![CDATA[]]></message><stack-trace><![CDATA[None]]></stack-trace></failure><reason><message><![CDATA[WARNING  openlinktoken_cli.tokens.config.tokenization_config_loader:tokenization_config_loader.py:92 Configuration '/tmp/pytest-of-vscode/pytest-4/test_load_valid_config0/tokenization-config.yaml' does not map any field to type 'RecordId'. Source record IDs will not be preserved — output will use randomly generated UUIDs instead.]]></message></reason><output><![CDATA[WARNING  openlinktoken_cli.tokens.config.tokenization_config_loader:tokenization_config_loader.py:92 Configuration '/tmp/pytest-of-vscode/pytest-4/test_load_valid_config0/tokenization-config.yaml' does not map any field to type 'RecordId'. Source record IDs will not be preserved — output will use randomly generated UUIDs instead.]]></output></test-case><test-case id="113" name="src/test/openlinktoken_cli/tokens/config/tokenization_config_loader_test.py::TestTokenizationConfigLoader::test_load_missing_attribute_field_raises" fullname="src/test/openlinktoken_cli/tokens/config/tokenization_config_loader_test.py::TestTokenizationConfigLoader::test_load_missing_attribute_field_raises" methodname="test_load_missing_attribute_field_raises" classname="TestTokenizationConfigLoader" runstate="Runnable" seed="1" result="Passed" label="" start-time="2026-07-10 01:57:13.523782" end-time="2026-07-10 01:57:13.524329" duration="0.000547" asserts="0"><properties><property name="python-version" value="3.12.9 (main, Mar 17 2025, 20:48:41) [GCC 6.3.0 20170516]" /><property name="fspath" value="src/test/openlinktoken_cli/tokens/config/tokenization_config_loader_test.py" /></properties><environment framework-version="3.6.2" clr-version="3.12.9 (main, Mar 17 2025, 20:48:41) [GCC 6.3.0 20170516]" os-version="6.18.36-0-virt" platform="Linux" cwd="/workspaces/OpenLinkToken/lib/python/openlinktoken-cli" machine-name="aarch64" user="" user-domain="" culture="en_US" uiculture="en_US" os-architecture="64bit" /><failure><message><![CDATA[]]></message><stack-trace><![CDATA[None]]></stack-trace></failure><reason><message><![CDATA[]]></message></reason><output><![CDATA[]]></output></test-case><test-case id="114" name="src/test/openlinktoken_cli/tokens/config/tokenization_config_loader_test.py::TestTokenizationConfigLoader::test_load_unknown_field_reference_raises" fullname="src/test/openlinktoken_cli/tokens/config/tokenization_config_loader_test.py::TestTokenizationConfigLoader::test_load_unknown_field_reference_raises" methodname="test_load_unknown_field_reference_raises" classname="TestTokenizationConfigLoader" runstate="Runnable" seed="1" result="Passed" label="" start-time="2026-07-10 01:57:13.524652" end-time="2026-07-10 01:57:13.525207" duration="0.000555" asserts="0"><properties><property name="python-version" value="3.12.9 (main, Mar 17 2025, 20:48:41) [GCC 6.3.0 20170516]" /><property name="fspath" value="src/test/openlinktoken_cli/tokens/config/tokenization_config_loader_test.py" /></properties><environment framework-version="3.6.2" clr-version="3.12.9 (main, Mar 17 2025, 20:48:41) [GCC 6.3.0 20170516]" os-version="6.18.36-0-virt" platform="Linux" cwd="/workspaces/OpenLinkToken/lib/python/openlinktoken-cli" machine-name="aarch64" user="" user-domain="" culture="en_US" uiculture="en_US" os-architecture="64bit" /><failure><message><![CDATA[]]></message><stack-trace><![CDATA[None]]></stack-trace></failure><reason><message><![CDATA[]]></message></reason><output><![CDATA[]]></output></test-case><test-case id="115" name="src/test/openlinktoken_cli/tokens/config/tokenization_config_loader_test.py::TestTokenizationConfigLoader::test_load_raises_on_unknown_expression_operator" fullname="src/test/openlinktoken_cli/tokens/config/tokenization_config_loader_test.py::TestTokenizationConfigLoader::test_load_raises_on_unknown_expression_operator" methodname="test_load_raises_on_unknown_expression_operator" classname="TestTokenizationConfigLoader" runstate="Runnable" seed="1" result="Passed" label="" start-time="2026-07-10 01:57:13.525539" end-time="2026-07-10 01:57:13.526137" duration="0.000598" asserts="0"><properties><property name="python-version" value="3.12.9 (main, Mar 17 2025, 20:48:41) [GCC 6.3.0 20170516]" /><property name="fspath" value="src/test/openlinktoken_cli/tokens/config/tokenization_config_loader_test.py" /></properties><environment framework-version="3.6.2" clr-version="3.12.9 (main, Mar 17 2025, 20:48:41) [GCC 6.3.0 20170516]" os-version="6.18.36-0-virt" platform="Linux" cwd="/workspaces/OpenLinkToken/lib/python/openlinktoken-cli" machine-name="aarch64" user="" user-domain="" culture="en_US" uiculture="en_US" os-architecture="64bit" /><failure><message><![CDATA[]]></message><stack-trace><![CDATA[None]]></stack-trace></failure><reason><message><![CDATA[]]></message></reason><output><![CDATA[]]></output></test-case><environment framework-version="3.6.2" clr-version="3.12.9 (main, Mar 17 2025, 20:48:41) [GCC 6.3.0 20170516]" os-version="6.18.36-0-virt" platform="Linux" cwd="/workspaces/OpenLinkToken/lib/python/openlinktoken-cli" machine-name="aarch64" user="" user-domain="" culture="en_US" uiculture="en_US" os-architecture="64bit" /></test-suite></test-run>